Start testing: Mar 12 22:25 HKT
----------------------------------------------------------
1/2 Testing: keyaware_unit_tests
1/2 Test: keyaware_unit_tests
Command: "/home/mxc/work/KeyAwareSwitch/build-cmake/keyaware_unit_tests"
Directory: /home/mxc/work/KeyAwareSwitch/build-cmake
"keyaware_unit_tests" start time: Mar 12 22:25 HKT
Output:
----------------------------------------------------------
[PASS] StageSequence
[PASS] SchedulerConstraints
[PASS] MetricsBoundaries
[PASS] HEParamsDrivenWorkload
[PASS] DeterministicOrderingAndSeed
Assertions: 45, Failures: 0
<end of output>
Test time =   0.00 sec
----------------------------------------------------------
Test Passed.
"keyaware_unit_tests" end time: Mar 12 22:25 HKT
"keyaware_unit_tests" time elapsed: 00:00:00
----------------------------------------------------------

2/2 Testing: keyaware_regression_tests
2/2 Test: keyaware_regression_tests
Command: "/home/mxc/work/KeyAwareSwitch/build-cmake/keyaware_regression_tests"
Directory: /home/mxc/work/KeyAwareSwitch/build-cmake
"keyaware_regression_tests" start time: Mar 12 22:25 HKT
Output:
----------------------------------------------------------
[REG] fifo+synthetic+analytical completed=32 reload=82 mean_latency=2599.78
[REG] affinity+synthetic+table completed=32 reload=77 mean_latency=6267.12
[REG] hierarchical_d+burst+table completed=64 reload=128 mean_latency=5721.8
Regression assertions: 9, failures: 0
<end of output>
Test time =   0.01 sec
----------------------------------------------------------
Test Passed.
"keyaware_regression_tests" end time: Mar 12 22:25 HKT
"keyaware_regression_tests" time elapsed: 00:00:00
----------------------------------------------------------

End testing: Mar 12 22:25 HKT
